<?xml version="1.0" encoding="UTF-8"?>
<Site BuildName="(empty)"
	BuildStamp="20251006-0914-Experimental"
	Name="li-Legion-Y7000P"
	Generator="ctest-3.16.3"
	CompilerName="/usr/bin/g++"
	CompilerVersion="9.4.0"
	OSName="Linux"
	Hostname="li-Legion-Y7000P"
	OSRelease="5.15.0-139-generic"
	OSVersion="#149~20.04.1-Ubuntu SMP Wed Apr 16 08:29:56 UTC 2025"
	OSPlatform="x86_64"
	Is64Bits="1"
	VendorString="GenuineIntel"
	VendorID="Intel Corporation"
	FamilyID="6"
	ModelID="183"
	ProcessorCacheSize="30720"
	NumberOfLogicalCPU="24"
	NumberOfPhysicalCPU="16"
	TotalVirtualMemory="2047"
	TotalPhysicalMemory="31865"
	LogicalProcessorsPerPhysical="1"
	ProcessorClockFrequency="1451.87"
	>
	<Testing>
		<StartDateTime>Oct 06 17:27 CST</StartDateTime>
		<StartTestTime>1759742853</StartTestTime>
		<TestList/>
		<EndDateTime>Oct 06 17:27 CST</EndDateTime>
		<EndTestTime>1759742853</EndTestTime>
		<ElapsedMinutes>0</ElapsedMinutes>
	</Testing>
</Site>
